build/app/intermediates/manifest_merge_blame_file/debug/manifest-merger-blame-debug-report 2.txt
1<?xml version="1.0" encoding="utf-8"?>
2<manifest xmlns:android="http://schemas.android.com/apk/res/android"
3    package="com.muhammadali.ar_geometric_shapes_app"
4    android:versionCode="1"
5    android:versionName="1.0.0" >
6
7    <uses-sdk
8        android:minSdkVersion="24"
9        android:targetSdkVersion="33" />
10    <!--
11         The INTERNET permission is required for development. Specifically,
12         the Flutter tool needs it to communicate with the running application
13         to allow setting breakpoints, to provide hot reload, etc.
14    -->
15    <uses-permission android:name="android.permission.INTERNET" />
15-->src/debug/AndroidManifest.xml:7:5-66
15-->src/debug/AndroidManifest.xml:7:22-64
16    <uses-permission android:name="android.permission.CAMERA" />
16-->[:arcore_flutter_plugin] AndroidManifest.xml:9:5-65
16-->[:arcore_flutter_plugin] AndroidManifest.xml:9:22-62
17    <!--
18         Indicates that app requires ARCore ("AR Required"). Ensures app is only
19         visible in the Google Play Store on devices that support ARCore.
20    -->
21    <uses-feature android:name="android.hardware.camera.ar" /> <!-- Sceneform requires OpenGL ES 3.0 or later. -->
21-->[:arcore_flutter_plugin] AndroidManifest.xml:15:5-63
21-->[:arcore_flutter_plugin] AndroidManifest.xml:15:19-60
22    <uses-feature
22-->[:arcore_flutter_plugin] AndroidManifest.xml:18:5-20:35
23        android:glEsVersion="0x00030000"
23-->[:arcore_flutter_plugin] AndroidManifest.xml:19:9-41
24        android:required="true" />
24-->[:arcore_flutter_plugin] AndroidManifest.xml:20:9-32
25
26    <uses-permission android:name="android.permission.ACCESS_FINE_LOCATION" />
26-->[:ar_flutter_plugin] AndroidManifest.xml:10:5-79
26-->[:ar_flutter_plugin] AndroidManifest.xml:10:22-76
27
28    <queries>
28-->[com.google.ar:core:1.37.0] AndroidManifest.xml:20:5-22:15
29        <package android:name="com.google.ar.core" />
29-->[com.google.ar:core:1.37.0] AndroidManifest.xml:21:9-54
29-->[com.google.ar:core:1.37.0] AndroidManifest.xml:21:18-51
30    </queries>
31
32    <permission
32-->[androidx.core:core:1.9.0] AndroidManifest.xml:22:5-24:47
33        android:name="com.muhammadali.ar_geometric_shapes_app.DYNAMIC_RECEIVER_NOT_EXPORTED_PERMISSION"
33-->[androidx.core:core:1.9.0] AndroidManifest.xml:23:9-81
34        android:protectionLevel="signature" />
34-->[androidx.core:core:1.9.0] AndroidManifest.xml:24:9-44
35
36    <uses-permission android:name="com.muhammadali.ar_geometric_shapes_app.DYNAMIC_RECEIVER_NOT_EXPORTED_PERMISSION" />
36-->[androidx.core:core:1.9.0] AndroidManifest.xml:26:5-97
36-->[androidx.core:core:1.9.0] AndroidManifest.xml:26:22-94
37
38    <application
39        android:name="android.app.Application"
40        android:appComponentFactory="androidx.core.app.CoreComponentFactory"
40-->[androidx.core:core:1.9.0] AndroidManifest.xml:28:18-86
41        android:debuggable="true"
42        android:extractNativeLibs="false"
43        android:icon="@mipmap/ic_launcher"
44        android:label="ar_geometric_shapes_app" >
45        <activity
46            android:name="com.muhammadali.ar_geometric_shapes_app.MainActivity"
47            android:configChanges="orientation|keyboardHidden|keyboard|screenSize|smallestScreenSize|locale|layoutDirection|fontScale|screenLayout|density|uiMode"
48            android:exported="true"
49            android:hardwareAccelerated="true"
50            android:launchMode="singleTop"
51            android:theme="@style/LaunchTheme"
52            android:windowSoftInputMode="adjustResize" >
53
54            <!--
55                 Specifies an Android theme to apply to this Activity as soon as
56                 the Android process has started. This theme is visible to the user
57                 while the Flutter UI initializes. After that, this theme continues
58                 to determine the Window background behind the Flutter UI.
59            -->
60            <meta-data
61                android:name="io.flutter.embedding.android.NormalTheme"
62                android:resource="@style/NormalTheme" />
63
64            <intent-filter>
65                <action android:name="android.intent.action.MAIN" />
66
67                <category android:name="android.intent.category.LAUNCHER" />
68            </intent-filter>
69        </activity>
70        <!--
71             Don't delete the meta-data below.
72             This is used by the Flutter tool to generate GeneratedPluginRegistrant.java
73        -->
74        <meta-data
75            android:name="flutterEmbedding"
76            android:value="2" />
77        <!--
78             Indicates that app requires ARCore ("AR Required"). Causes Google
79             Play Store to download and install ARCore when the app is installed.
80        -->
81        <meta-data
81-->[:arcore_flutter_plugin] AndroidManifest.xml:28:9-30:40
82            android:name="com.google.ar.core"
82-->[:arcore_flutter_plugin] AndroidManifest.xml:29:13-46
83            android:value="optional" />
83-->[:arcore_flutter_plugin] AndroidManifest.xml:30:13-37
84
85        <service
85-->[:geolocator_android] AndroidManifest.xml:10:9-14:56
86            android:name="com.baseflow.geolocator.GeolocatorLocationService"
86-->[:geolocator_android] AndroidManifest.xml:11:13-77
87            android:enabled="true"
87-->[:geolocator_android] AndroidManifest.xml:12:13-35
88            android:exported="false"
88-->[:geolocator_android] AndroidManifest.xml:13:13-37
89            android:foregroundServiceType="location" />
89-->[:geolocator_android] AndroidManifest.xml:14:13-53
90
91        <uses-library
91-->[androidx.window:window:1.0.0-beta04] AndroidManifest.xml:25:9-27:40
92            android:name="androidx.window.extensions"
92-->[androidx.window:window:1.0.0-beta04] AndroidManifest.xml:26:13-54
93            android:required="false" />
93-->[androidx.window:window:1.0.0-beta04] AndroidManifest.xml:27:13-37
94        <uses-library
94-->[androidx.window:window:1.0.0-beta04] AndroidManifest.xml:28:9-30:40
95            android:name="androidx.window.sidecar"
95-->[androidx.window:window:1.0.0-beta04] AndroidManifest.xml:29:13-51
96            android:required="false" /> <!-- The minimal version code of ARCore APK required for an app using this SDK. -->
96-->[androidx.window:window:1.0.0-beta04] AndroidManifest.xml:30:13-37
97        <meta-data
97-->[com.google.ar:core:1.37.0] AndroidManifest.xml:27:9-29:41
98            android:name="com.google.ar.core.min_apk_version"
98-->[com.google.ar:core:1.37.0] AndroidManifest.xml:28:13-62
99            android:value="230900000" /> <!-- This activity is critical for installing ARCore when it is not already present. -->
99-->[com.google.ar:core:1.37.0] AndroidManifest.xml:29:13-38
100        <activity
100-->[com.google.ar:core:1.37.0] AndroidManifest.xml:31:9-37:80
101            android:name="com.google.ar.core.InstallActivity"
101-->[com.google.ar:core:1.37.0] AndroidManifest.xml:32:13-62
102            android:configChanges="keyboardHidden|orientation|screenSize"
102-->[com.google.ar:core:1.37.0] AndroidManifest.xml:33:13-74
103            android:excludeFromRecents="true"
103-->[com.google.ar:core:1.37.0] AndroidManifest.xml:34:13-46
104            android:exported="false"
104-->[com.google.ar:core:1.37.0] AndroidManifest.xml:35:13-37
105            android:launchMode="singleTop"
105-->[com.google.ar:core:1.37.0] AndroidManifest.xml:36:13-43
106            android:theme="@android:style/Theme.Material.Light.Dialog.Alert" />
106-->[com.google.ar:core:1.37.0] AndroidManifest.xml:37:13-77
107        <activity
107-->[com.google.android.gms:play-services-auth:16.0.1] AndroidManifest.xml:23:9-27:75
108            android:name="com.google.android.gms.auth.api.signin.internal.SignInHubActivity"
108-->[com.google.android.gms:play-services-auth:16.0.1] AndroidManifest.xml:24:13-93
109            android:excludeFromRecents="true"
109-->[com.google.android.gms:play-services-auth:16.0.1] AndroidManifest.xml:25:13-46
110            android:exported="false"
110-->[com.google.android.gms:play-services-auth:16.0.1] AndroidManifest.xml:26:13-37
111            android:theme="@android:style/Theme.Translucent.NoTitleBar" />
111-->[com.google.android.gms:play-services-auth:16.0.1] AndroidManifest.xml:27:13-72
112        <!--
113            Service handling Google Sign-In user revocation. For apps that do not integrate with
114            Google Sign-In, this service will never be started.
115        -->
116        <service
116-->[com.google.android.gms:play-services-auth:16.0.1] AndroidManifest.xml:33:9-36:110
117            android:name="com.google.android.gms.auth.api.signin.RevocationBoundService"
117-->[com.google.android.gms:play-services-auth:16.0.1] AndroidManifest.xml:34:13-89
118            android:exported="true"
118-->[com.google.android.gms:play-services-auth:16.0.1] AndroidManifest.xml:35:13-36
119            android:permission="com.google.android.gms.auth.api.signin.permission.REVOCATION_NOTIFICATION" />
119-->[com.google.android.gms:play-services-auth:16.0.1] AndroidManifest.xml:36:13-107
120
121        <activity
121-->[com.google.android.gms:play-services-base:18.1.0] AndroidManifest.xml:20:9-22:45
122            android:name="com.google.android.gms.common.api.GoogleApiActivity"
122-->[com.google.android.gms:play-services-base:18.1.0] AndroidManifest.xml:20:19-85
123            android:exported="false"
123-->[com.google.android.gms:play-services-base:18.1.0] AndroidManifest.xml:22:19-43
124            android:theme="@android:style/Theme.Translucent.NoTitleBar" />
124-->[com.google.android.gms:play-services-base:18.1.0] AndroidManifest.xml:21:19-78
125
126        <meta-data
126-->[com.google.android.gms:play-services-basement:18.1.0] AndroidManifest.xml:21:9-23:69
127            android:name="com.google.android.gms.version"
127-->[com.google.android.gms:play-services-basement:18.1.0] AndroidManifest.xml:22:13-58
128            android:value="@integer/google_play_services_version" />
128-->[com.google.android.gms:play-services-basement:18.1.0] AndroidManifest.xml:23:13-66
129    </application>
130
131</manifest>